<?xml version="1.0" encoding="UTF-8"?>
<!-- Generated by org.testng.reporters.JUnitReportReporter -->
<testsuite hostname="thecanbutler.local" name="seleniumPOM.ConfigTest" tests="1" failures="0" timestamp="26 Nov 2015 22:59:13 GMT" time="11.700" errors="0">
  <testcase name="display" time="11.700" classname="seleniumPOM.ConfigTest"/>
</testsuite> <!-- seleniumPOM.ConfigTest -->
